<?xml version="1.0" encoding="UTF-8"?>
<testsuite xmlns:xsi="http://www.w3.org/2001/XMLSchema-instance" xsi:noNamespaceSchemaLocation="https://maven.apache.org/surefire/maven-surefire-plugin/xsd/surefire-test-report.xsd" name="io.qameta.allure.examples.cucumber5.CucumberTest" time="1.707" tests="7" errors="1" skipped="0" failures="0">
  <properties>
[...]
</properties>
  <testcase name="Create new label via api" classname="Labels" time="0.233"/>
  <testcase name="Delete existing label via api" classname="Labels" time="0.017"/>
  <testcase name="Create new label for authorized user" classname="Labels" time="0.024"/>
  <testcase name="Add label to existing issue for authorized user" classname="Labels" time="1.015"/>
  <testcase name="Delete existing label for authorized user" classname="Labels" time="0.015">
    <error message="Element not found for xpath [//div[@class=&apos;something&apos;]]" type="java.lang.RuntimeException">java.lang.RuntimeException: Element not found for xpath [//div[@class='something']]
</error>
    <system-out><![CDATA[&amp#27;[31mF&amp#27;[0m&amp#27;[36m-&amp#27;[0m&amp#27;[36m-&amp#27;[0m&amp#27;[36m-&amp#27;[0m]]></system-out>
  </testcase>
  <testcase name="Create new milestone for authorized user" classname="Milestones" time="0.01"/>
  <testcase name="Close existing milestone for authorized user" classname="Milestones" time="0.014"/>
</testsuite>